<?xml version="1.0" encoding="UTF-8"?>
<!-- Generated by org.testng.reporters.JUnitReportReporter -->
<testsuite hostname="Dibyansh_Verma" failures="0" tests="1" name="Automation.RahulShettyUdemy.StaleElementException" time="29.470" errors="0" timestamp="2024-06-19T23:53:18 IST" skipped="0">
  <testcase classname="Automation.RahulShettyUdemy.StaleElementException" name="StaleElementException1" time="29.470"/>
</testsuite> <!-- Automation.RahulShettyUdemy.StaleElementException -->
