<?xml version="1.0" encoding="UTF-8"?>
<!-- Generated by org.testng.reporters.JUnitReportReporter -->
<testsuite hostname="Dibyansh_Verma" failures="0" tests="1" name="Automation.RahulShettyUdemy.Demo" time="0.012" errors="0" timestamp="2024-05-01T18:39:33 IST" skipped="0">
  <testcase classname="Automation.RahulShettyUdemy.Demo" name="Demo1" time="0.012"/>
</testsuite> <!-- Automation.RahulShettyUdemy.Demo -->
