<?xml version="1.0" encoding="UTF-8"?>
<!-- Generated by org.testng.reporters.JUnitReportReporter -->
<testsuite hostname="Dibyansh_Verma" failures="0" tests="4" name="Automation.RahulShettyUdemy.DataProviderDemo" time="6.006" errors="0" timestamp="2024-06-09T09:47:52 IST" skipped="0">
  <testcase classname="Automation.RahulShettyUdemy.DataProviderDemo" name="test" time="1.399"/>
  <testcase classname="Automation.RahulShettyUdemy.DataProviderDemo" name="test" time="1.972"/>
  <testcase classname="Automation.RahulShettyUdemy.DataProviderDemo" name="test" time="1.298"/>
  <testcase classname="Automation.RahulShettyUdemy.DataProviderDemo" name="test" time="1.337"/>
</testsuite> <!-- Automation.RahulShettyUdemy.DataProviderDemo -->
